<?xml version="1.0" encoding="UTF-8"?>
<testsuite name="org.ton.ton4j.toncenterv3.TonCenterV3TransportTest" tests="4" skipped="0" failures="0" errors="0" timestamp="2026-07-28T15:36:11.858Z" hostname="Mac" time="0.251">
  <properties/>
  <testcase name="providerReadsSeqnoThroughRunGetMethod" classname="org.ton.ton4j.toncenterv3.TonCenterV3TransportTest" time="0.218"/>
  <testcase name="providerSendsExternalMessageThroughV3MessageEndpoint" classname="org.ton.ton4j.toncenterv3.TonCenterV3TransportTest" time="0.011"/>
  <testcase name="customTransportReceivesProtocolNeutralRequest" classname="org.ton.ton4j.toncenterv3.TonCenterV3TransportTest" time="0.005"/>
  <testcase name="v3ConfirmationReturnsIndexedTransaction" classname="org.ton.ton4j.toncenterv3.TonCenterV3TransportTest" time="0.016"/>
  <system-out><![CDATA[]]></system-out>
  <system-err><![CDATA[SLF4J(W): No SLF4J providers were found.
SLF4J(W): Defaulting to no-operation (NOP) logger implementation
SLF4J(W): See https://www.slf4j.org/codes.html#noProviders for further details.
]]></system-err>
</testsuite>
